<?xml version="1.0" encoding="utf-8"?>
<TestRun id="6c516509-8189-4044-b030-2b72c79161e7" name="tioleson@DESKTOP-LCCC1G1 2020-08-12 09:55:24" runUser="NORTHAMERICA\tioleson" xmlns="http://microsoft.com/schemas/VisualStudio/TeamTest/2010">
  <Times creation="2020-08-12T09:55:24.7291931-04:00" queuing="2020-08-12T09:55:24.7291975-04:00" start="2020-08-12T09:55:23.1776061-04:00" finish="2020-08-12T09:55:24.7601083-04:00" />
  <TestSettings name="default" id="126c8bf8-5288-4cd1-9a27-b8644889c1f4">
    <Deployment runDeploymentRoot="tioleson_DESKTOP-LCCC1G1_2020-08-12_09_55_24" />
  </TestSettings>
  <Results>
    <UnitTestResult executionId="d719d6bd-fc84-4426-ae8c-c87cbb442dde" testId="94f5b5c3-3455-6cd1-c2a4-d48b3f143dab" testName="GameEngine.Test.BossEnemyShould.HaveCorrectPower" computerName="DESKTOP-LCCC1G1" duration="00:00:00.0065069" startTime="2020-08-12T09:55:24.4730489-04:00" endTime="2020-08-12T09:55:24.4731480-04:00" testType="13cdc9d9-ddb5-4fa4-a97d-d965ccfc6d4b" outcome="Passed" testListId="8c84fa94-04c1-424b-9868-57a2d4851a1d" relativeResultsDirectory="d719d6bd-fc84-4426-ae8c-c87cbb442dde">
      <Output>
        <StdOut>Creating Boss Enemy</StdOut>
      </Output>
    </UnitTestResult>
  </Results>
  <TestDefinitions>
    <UnitTest name="GameEngine.Test.BossEnemyShould.HaveCorrectPower" storage="c:\users\tioleson\source\repos\xunit\02\demos\before\01addingtestproject\gameengine.test\bin\debug\netcoreapp3.1\gameengine.test.dll" id="94f5b5c3-3455-6cd1-c2a4-d48b3f143dab">
      <Execution id="d719d6bd-fc84-4426-ae8c-c87cbb442dde" />
      <TestMethod codeBase="C:\Users\tioleson\source\repos\Xunit\02\demos\before\01AddingTestProject\GameEngine.Test\bin\Debug\netcoreapp3.1\GameEngine.Test.dll" adapterTypeName="executor://xunit/VsTestRunner2/netcoreapp" className="GameEngine.Test.BossEnemyShould" name="HaveCorrectPower" />
    </UnitTest>
  </TestDefinitions>
  <TestEntries>
    <TestEntry testId="94f5b5c3-3455-6cd1-c2a4-d48b3f143dab" executionId="d719d6bd-fc84-4426-ae8c-c87cbb442dde" testListId="8c84fa94-04c1-424b-9868-57a2d4851a1d" />
  </TestEntries>
  <TestLists>
    <TestList name="Results Not in a List" id="8c84fa94-04c1-424b-9868-57a2d4851a1d" />
    <TestList name="All Loaded Results" id="19431567-8539-422a-85d7-44ee4e166bda" />
  </TestLists>
  <ResultSummary outcome="Completed">
    <Counters total="1" executed="1" passed="1" failed="0" error="0" timeout="0" aborted="0" inconclusive="0" passedButRunAborted="0" notRunnable="0" notExecuted="0" disconnected="0" warning="0" completed="0" inProgress="0" pending="0" />
    <Output>
      <StdOut>[xUnit.net 00:00:00.00] xUnit.net VSTest Adapter v2.4.0 (64-bit .NET Core 3.1.6)&#xD;
[xUnit.net 00:00:00.37]   Discovering: GameEngine.Test&#xD;
[xUnit.net 00:00:00.41]   Discovered:  GameEngine.Test&#xD;
[xUnit.net 00:00:00.42]   Starting:    GameEngine.Test&#xD;
[xUnit.net 00:00:00.51]   Finished:    GameEngine.Test&#xD;
</StdOut>
    </Output>
  </ResultSummary>
</TestRun>